2023-07-29 17:21:05.322  INFO 13772 --- [restartedMain] c.d.demo.DashboardServiceApplication     : Starting DashboardServiceApplication on Bigyans-MacBook-Air.local with PID 13772 (/Users/gauravanand/Documents/CertralTracingApp/Dashboard-Service/target/classes started by gauravanand in /Users/gauravanand/Documents/CertralTracingApp/Dashboard-Service)
2023-07-29 17:21:05.326  INFO 13772 --- [restartedMain] c.d.demo.DashboardServiceApplication     : No active profile set, falling back to default profiles: default
2023-07-29 17:21:05.632  INFO 13772 --- [restartedMain] .s.d.r.c.RepositoryConfigurationDelegate : Bootstrapping Spring Data JPA repositories in DEFAULT mode.
2023-07-29 17:21:05.642  INFO 13772 --- [restartedMain] .s.d.r.c.RepositoryConfigurationDelegate : Finished Spring Data repository scanning in 7ms. Found 0 JPA repository interfaces.
2023-07-29 17:21:05.910  INFO 13772 --- [restartedMain] o.s.b.w.embedded.tomcat.TomcatWebServer  : Tomcat initialized with port(s): 8080 (http)
2023-07-29 17:21:05.918  INFO 13772 --- [restartedMain] o.apache.catalina.core.StandardService   : Starting service [Tomcat]
2023-07-29 17:21:05.919  INFO 13772 --- [restartedMain] org.apache.catalina.core.StandardEngine  : Starting Servlet engine: [Apache Tomcat/9.0.33]
2023-07-29 17:21:05.936  INFO 13772 --- [restartedMain] o.a.c.c.C.[Tomcat-2].[localhost].[/]     : Initializing Spring embedded WebApplicationContext
2023-07-29 17:21:05.941  INFO 13772 --- [restartedMain] o.s.web.context.ContextLoader            : Root WebApplicationContext: initialization completed in 597 ms
2023-07-29 17:21:05.992  INFO 13772 --- [restartedMain] o.hibernate.jpa.internal.util.LogHelper  : HHH000204: Processing PersistenceUnitInfo [name: default]
2023-07-29 17:21:06.000  INFO 13772 --- [restartedMain] com.zaxxer.hikari.HikariDataSource       : HikariPool-14 - Starting...
2023-07-29 17:21:06.112  INFO 13772 --- [restartedMain] com.zaxxer.hikari.HikariDataSource       : HikariPool-14 - Start completed.
2023-07-29 17:21:06.113  INFO 13772 --- [restartedMain] org.hibernate.dialect.Dialect            : HHH000400: Using dialect: org.hibernate.dialect.MySQL8Dialect
2023-07-29 17:21:06.158  INFO 13772 --- [restartedMain] o.h.e.t.j.p.i.JtaPlatformInitiator       : HHH000490: Using JtaPlatform implementation: [org.hibernate.engine.transaction.jta.platform.internal.NoJtaPlatform]
2023-07-29 17:21:06.158  INFO 13772 --- [restartedMain] j.LocalContainerEntityManagerFactoryBean : Initialized JPA EntityManagerFactory for persistence unit 'default'
2023-07-29 17:21:06.179  WARN 13772 --- [restartedMain] o.s.b.d.a.OptionalLiveReloadServer       : Unable to start LiveReload server
2023-07-29 17:21:06.225  WARN 13772 --- [restartedMain] JpaBaseConfiguration$JpaWebConfiguration : spring.jpa.open-in-view is enabled by default. Therefore, database queries may be performed during view rendering. Explicitly configure spring.jpa.open-in-view to disable this warning
2023-07-29 17:21:06.275  INFO 13772 --- [restartedMain] o.s.s.concurrent.ThreadPoolTaskExecutor  : Initializing ExecutorService 'applicationTaskExecutor'
2023-07-29 17:21:06.643  INFO 13772 --- [restartedMain] o.s.b.w.embedded.tomcat.TomcatWebServer  : Tomcat started on port(s): 8080 (http) with context path ''
2023-07-29 17:21:06.646  INFO 13772 --- [restartedMain] c.d.demo.DashboardServiceApplication     : Started DashboardServiceApplication in 1.49 seconds (JVM running for 2419.427)
2023-07-29 17:21:06.649  INFO 13772 --- [restartedMain] .ConditionEvaluationDeltaLoggingListener : Condition evaluation unchanged
2023-07-29 17:21:13.823  INFO 13772 --- [http-nio-8080-exec-1] o.a.c.c.C.[Tomcat-2].[localhost].[/]     : Initializing Spring DispatcherServlet 'dispatcherServlet'
2023-07-29 17:21:13.835  INFO 13772 --- [http-nio-8080-exec-1] o.s.web.servlet.DispatcherServlet        : Initializing Servlet 'dispatcherServlet'
2023-07-29 17:21:13.853  INFO 13772 --- [http-nio-8080-exec-1] o.s.web.servlet.DispatcherServlet        : Completed initialization in 17 ms
2023-07-29 17:21:14.277  INFO 13772 --- [http-nio-8080-exec-2] o.springdoc.api.AbstractOpenApiResource  : Init duration for springdoc-openapi is: 96 ms
2023-07-29 17:21:18.328  INFO 13772 --- [http-nio-8080-exec-5] c.d.d.c.DashboardTestingController       : pinging...
2023-07-29 17:29:10.302  INFO 13772 --- [Thread-132] o.s.s.concurrent.ThreadPoolTaskExecutor  : Shutting down ExecutorService 'applicationTaskExecutor'
2023-07-29 17:29:10.307  INFO 13772 --- [Thread-132] j.LocalContainerEntityManagerFactoryBean : Closing JPA EntityManagerFactory for persistence unit 'default'
2023-07-29 17:29:10.320  INFO 13772 --- [Thread-132] com.zaxxer.hikari.HikariDataSource       : HikariPool-14 - Shutdown initiated...
2023-07-29 17:29:10.396  INFO 13772 --- [Thread-132] com.zaxxer.hikari.HikariDataSource       : HikariPool-14 - Shutdown completed.
